<?xml version="1.0" encoding="UTF-8"?>
<!-- Generated by org.testng.reporters.JUnitReportReporter -->
<testsuite hostname="suba-pc" failures="0" tests="1" name="com.tutorialsninja.testCases.RegistrationTest" time="1.586" errors="0" timestamp="2023-12-01T17:33:32 EST" skipped="0">
  <testcase classname="com.tutorialsninja.testCases.RegistrationTest" name="validRegisterData" time="1.586"/>
  <system-out/>
</testsuite> <!-- com.tutorialsninja.testCases.RegistrationTest -->
